2023/07/20 17:39:12 [2023-07-20 17:39:12] ERROR: testing error handling
2023/07/20 18:15:33 new connection
2023/07/20 18:15:33 message sent {"loggedInUsers":["Anton-Wiklund-1"]}
2023/07/20 18:15:42 ping
2023/07/20 18:15:42 pong
2023/07/20 18:15:46 new connection
2023/07/20 18:15:46 message sent {"loggedInUsers":["Anton-Wiklund-1","Gin-Thy-73"]}
2023/07/20 18:15:46 message sent {"loggedInUsers":["Anton-Wiklund-1","Gin-Thy-73"]}
2023/07/20 18:15:51 ping
2023/07/20 18:15:51 pong
2023/07/20 18:15:55 ping
2023/07/20 18:15:55 pong
2023/07/20 18:15:58 failed to send message: websocket: close sent
2023/07/20 18:15:58 message sent {"loggedInUsers":["Anton-Wiklund-1"]}
2023/07/20 18:15:58 message sent {"loggedInUsers":["Anton-Wiklund-1"]}
2023/07/20 18:15:59 new connection
2023/07/20 18:15:59 message sent {"loggedInUsers":["Anton-Wiklund-1","Gin-Thy-73"]}
2023/07/20 18:15:59 message sent {"loggedInUsers":["Anton-Wiklund-1","Gin-Thy-73"]}
2023/07/20 18:16:00 ping
2023/07/20 18:16:00 pong
2023/07/20 18:16:04 ping
2023/07/20 18:16:04 writemsg error websocket: close sent
2023/07/20 18:16:05 failed to send message: websocket: close sent
2023/07/20 18:16:05 message sent {"loggedInUsers":["Anton-Wiklund-1"]}
2023/07/20 18:16:05 message sent {"loggedInUsers":["Anton-Wiklund-1"]}
2023/07/20 18:16:05 new connection
2023/07/20 18:16:06 message sent {"loggedInUsers":["Anton-Wiklund-1","Gin-Thy-73"]}
2023/07/20 18:16:06 message sent {"loggedInUsers":["Anton-Wiklund-1","Gin-Thy-73"]}
2023/07/20 18:16:08 ping
2023/07/20 18:16:08 writemsg error websocket: close sent
2023/07/20 18:16:09 ping
2023/07/20 18:16:09 pong
2023/07/20 18:16:14 ping
2023/07/20 18:16:14 pong
2023/07/20 18:16:18 ping
2023/07/20 18:16:18 pong
2023/07/20 18:16:20 failed to send message: websocket: close sent
2023/07/20 18:16:20 message sent {"loggedInUsers":["Anton-Wiklund-1"]}
2023/07/20 18:16:20 message sent {"loggedInUsers":["Anton-Wiklund-1"]}
2023/07/20 18:16:21 new connection
2023/07/20 18:16:21 message sent {"loggedInUsers":["Anton-Wiklund-1","Gin-Thy-73"]}
2023/07/20 18:16:21 message sent {"loggedInUsers":["Anton-Wiklund-1","Gin-Thy-73"]}
2023/07/20 18:16:23 ping
2023/07/20 18:16:23 writemsg error websocket: close sent
2023/07/20 18:16:27 ping
2023/07/20 18:16:27 pong
2023/07/20 18:16:30 ping
2023/07/20 18:16:30 pong
2023/07/20 18:16:36 ping
2023/07/20 18:16:36 pong
2023/07/20 18:16:39 ping
2023/07/20 18:16:39 pong
2023/07/20 18:16:45 ping
2023/07/20 18:16:45 pong
2023/07/20 18:16:48 ping
2023/07/20 18:16:48 pong
2023/07/20 18:16:54 ping
2023/07/20 18:16:54 pong
2023/07/20 18:16:57 ping
2023/07/20 18:16:57 pong
2023/07/20 18:17:03 ping
2023/07/20 18:17:03 pong
2023/07/20 18:17:06 ping
2023/07/20 18:17:06 pong
2023/07/20 18:17:12 ping
2023/07/20 18:17:12 pong
2023/07/20 18:17:15 ping
2023/07/20 18:17:15 pong
2023/07/20 18:17:21 ping
2023/07/20 18:17:21 pong
2023/07/20 18:17:24 ping
2023/07/20 18:17:24 pong
2023/07/20 18:17:30 ping
2023/07/20 18:17:30 pong
2023/07/20 18:17:33 ping
2023/07/20 18:17:33 pong
2023/07/20 18:17:39 ping
2023/07/20 18:17:39 pong
2023/07/20 18:17:41 message sent {"senderUsername":"Anton-Wiklund-1","receiverUsername":"Gin-Thy-73"}
2023/07/20 18:17:42 ping
2023/07/20 18:17:42 pong
2023/07/20 18:17:44 message sent {"senderUsername":"Anton-Wiklund-1","receiverUsername":"Gin-Thy-73"}
2023/07/20 18:17:48 ping
2023/07/20 18:17:48 pong
2023/07/20 18:17:51 ping
2023/07/20 18:17:51 pong
2023/07/20 18:17:57 ping
2023/07/20 18:17:57 pong
2023/07/20 18:18:00 ping
2023/07/20 18:18:00 pong
2023/07/20 18:18:05 failed to send message: websocket: close sent
2023/07/20 18:18:05 message sent {"loggedInUsers":["Anton-Wiklund-1"]}
2023/07/20 18:18:05 message sent {"loggedInUsers":["Anton-Wiklund-1"]}
2023/07/20 18:18:06 ping
2023/07/20 18:18:06 pong
2023/07/20 18:18:09 ping
2023/07/20 18:18:09 writemsg error websocket: close sent
2023/07/20 18:18:15 ping
2023/07/20 18:18:15 pong
2023/07/20 18:18:24 ping
2023/07/20 18:18:24 pong
2023/07/20 18:18:33 ping
2023/07/20 18:18:33 pong
2023/07/20 18:18:42 ping
2023/07/20 18:18:42 pong
2023/07/20 18:18:51 ping
2023/07/20 18:18:51 pong
2023/07/20 18:19:00 ping
2023/07/20 18:19:00 pong
2023/07/20 18:19:09 ping
2023/07/20 18:19:09 pong
2023/07/20 18:19:18 ping
2023/07/20 18:19:18 pong
2023/07/20 18:19:27 ping
2023/07/20 18:19:27 pong
2023/07/20 18:19:36 ping
2023/07/20 18:19:36 pong
2023/07/20 18:19:45 ping
2023/07/20 18:19:45 pong
2023/07/20 18:19:54 ping
2023/07/20 18:19:54 pong
2023/07/20 18:20:03 ping
2023/07/20 18:20:03 pong
2023/07/20 18:20:12 ping
2023/07/20 18:20:12 pong
2023/07/20 18:20:21 ping
2023/07/20 18:20:21 pong
2023/07/20 18:20:30 ping
2023/07/20 18:20:30 pong
2023/07/20 18:20:39 ping
2023/07/20 18:20:39 pong
2023/07/20 18:20:48 ping
2023/07/20 18:20:48 pong
2023/07/20 18:20:57 ping
2023/07/20 18:20:57 pong
2023/07/20 18:21:06 ping
2023/07/20 18:21:06 pong
2023/07/20 18:21:15 ping
2023/07/20 18:21:15 pong
2023/07/20 18:21:24 ping
2023/07/20 18:21:24 pong
2023/07/20 18:21:33 ping
2023/07/20 18:21:33 pong
2023/07/20 18:21:42 ping
2023/07/20 18:21:42 pong
2023/07/20 18:21:51 ping
2023/07/20 18:21:51 pong
2023/07/20 18:22:00 ping
2023/07/20 18:22:00 pong
2023/07/20 18:22:09 ping
2023/07/20 18:22:09 pong
2023/07/20 18:22:18 ping
2023/07/20 18:22:18 pong
2023/07/20 18:22:27 ping
2023/07/20 18:22:27 pong
2023/07/20 18:22:36 ping
2023/07/20 18:22:36 pong
2023/07/20 18:22:45 ping
2023/07/20 18:22:45 pong
2023/07/20 18:48:38 new connection
2023/07/20 18:48:38 message sent {"loggedInUsers":["Nafi-Rantasalmi-25"]}
2023/07/20 18:48:47 ping
2023/07/20 18:48:47 pong
2023/07/20 18:48:56 ping
2023/07/20 18:48:56 pong
2023/07/20 18:48:59 new connection
2023/07/20 18:48:59 message sent {"loggedInUsers":["Nafi-Rantasalmi-25","Anton-Wiklund-1"]}
2023/07/20 18:48:59 message sent {"loggedInUsers":["Nafi-Rantasalmi-25","Anton-Wiklund-1"]}
2023/07/20 18:49:05 ping
2023/07/20 18:49:05 pong
2023/07/20 18:49:08 ping
2023/07/20 18:49:08 pong
2023/07/20 18:49:14 ping
2023/07/20 18:49:14 pong
2023/07/20 18:49:17 ping
2023/07/20 18:49:17 pong
2023/07/20 18:49:23 ping
2023/07/20 18:49:23 pong
2023/07/20 18:49:26 ping
2023/07/20 18:49:26 pong
2023/07/20 18:49:32 ping
2023/07/20 18:49:32 pong
2023/07/20 18:49:35 ping
2023/07/20 18:49:35 pong
2023/07/20 18:49:36 failed to send message: websocket: close sent
2023/07/20 18:49:36 message sent {"loggedInUsers":["Nafi-Rantasalmi-25"]}
2023/07/20 18:49:36 message sent {"loggedInUsers":["Nafi-Rantasalmi-25"]}
2023/07/20 18:49:37 new connection
2023/07/20 18:49:37 message sent {"loggedInUsers":["Nafi-Rantasalmi-25","Anton-Wiklund-1"]}
2023/07/20 18:49:37 message sent {"loggedInUsers":["Nafi-Rantasalmi-25","Anton-Wiklund-1"]}
2023/07/20 18:49:41 ping
2023/07/20 18:49:41 pong
2023/07/20 18:49:44 ping
2023/07/20 18:49:44 writemsg error websocket: close sent
2023/07/20 18:49:46 ping
2023/07/20 18:49:46 pong
2023/07/20 18:49:50 ping
2023/07/20 18:49:50 pong
2023/07/20 18:49:55 ping
2023/07/20 18:49:55 pong
2023/07/20 18:49:58 failed to send message: websocket: close sent
2023/07/20 18:49:58 message sent {"loggedInUsers":["Nafi-Rantasalmi-25"]}
2023/07/20 18:49:58 message sent {"loggedInUsers":["Nafi-Rantasalmi-25"]}
2023/07/20 18:49:58 new connection
2023/07/20 18:49:58 message sent {"loggedInUsers":["Nafi-Rantasalmi-25","Anton-Wiklund-1"]}
2023/07/20 18:49:58 message sent {"loggedInUsers":["Nafi-Rantasalmi-25","Anton-Wiklund-1"]}
2023/07/20 18:49:59 ping
2023/07/20 18:49:59 pong
2023/07/20 18:50:04 ping
2023/07/20 18:50:04 writemsg error websocket: close sent
2023/07/20 18:50:07 ping
2023/07/20 18:50:07 pong
2023/07/20 18:50:08 ping
2023/07/20 18:50:08 pong
2023/07/20 18:50:16 ping
2023/07/20 18:50:16 pong
2023/07/20 18:50:17 ping
2023/07/20 18:50:17 pong
2023/07/20 18:59:13 new connection
2023/07/20 18:59:13 message sent {"loggedInUsers":["Nafi-Rantasalmi-25"]}
2023/07/20 18:59:22 ping
2023/07/20 18:59:22 pong
2023/07/20 18:59:31 ping
2023/07/20 18:59:31 pong
2023/07/20 18:59:33 failed to send message: websocket: close sent
2023/07/20 18:59:33 message sent {"loggedInUsers":null}
2023/07/20 18:59:39 new connection
2023/07/20 18:59:39 message sent {"loggedInUsers":["Nafi-Rantasalmi-25"]}
2023/07/20 18:59:40 ping
2023/07/20 18:59:40 writemsg error websocket: close sent
2023/07/20 18:59:41 failed to send message: websocket: close sent
2023/07/20 18:59:41 message sent {"loggedInUsers":null}
2023/07/20 18:59:47 new connection
2023/07/20 18:59:47 message sent {"loggedInUsers":["Nafi-Rantasalmi-25"]}
2023/07/20 18:59:48 ping
2023/07/20 18:59:48 writemsg error websocket: close sent
2023/07/20 18:59:56 ping
2023/07/20 18:59:56 pong
2023/07/20 19:00:02 failed to send message: websocket: close sent
2023/07/20 19:00:02 message sent {"loggedInUsers":null}
2023/07/20 19:00:05 ping
2023/07/20 19:00:05 writemsg error websocket: close sent
2023/07/20 19:00:07 new connection
2023/07/20 19:00:07 message sent {"loggedInUsers":["Nafi-Rantasalmi-25"]}
2023/07/20 19:00:16 ping
2023/07/20 19:00:16 pong
2023/07/20 19:00:25 ping
2023/07/20 19:00:25 pong
2023/07/20 19:00:34 ping
2023/07/20 19:00:34 pong
2023/07/20 19:00:34 failed to send message: websocket: close sent
2023/07/20 19:00:34 message sent {"loggedInUsers":null}
2023/07/20 19:00:35 new connection
2023/07/20 19:00:35 message sent {"loggedInUsers":["Nafi-Rantasalmi-25"]}
2023/07/20 19:00:43 ping
2023/07/20 19:00:43 writemsg error websocket: close sent
2023/07/20 19:00:44 ping
2023/07/20 19:00:44 pong
2023/07/20 19:00:48 failed to send message: websocket: close sent
2023/07/20 19:00:48 message sent {"loggedInUsers":null}
2023/07/20 19:00:53 ping
2023/07/20 19:00:53 writemsg error websocket: close sent
2023/07/20 19:00:54 new connection
2023/07/20 19:00:54 message sent {"loggedInUsers":["Nafi-Rantasalmi-25"]}
2023/07/20 19:01:03 ping
2023/07/20 19:01:03 pong
2023/07/20 19:01:10 failed to send message: websocket: close sent
2023/07/20 19:01:10 message sent {"loggedInUsers":null}
2023/07/20 19:01:12 ping
2023/07/20 19:01:12 writemsg error websocket: close sent
2023/07/20 19:02:37 new connection
2023/07/20 19:02:37 message sent {"loggedInUsers":["Nafi-Rantasalmi-25"]}
2023/07/20 19:02:39 failed to send message: websocket: close sent
2023/07/20 19:02:39 message sent {"loggedInUsers":null}
2023/07/20 19:02:46 ping
2023/07/20 19:02:46 writemsg error websocket: close sent
2023/07/20 19:02:46 new connection
2023/07/20 19:02:46 message sent {"loggedInUsers":["Nafi-Rantasalmi-25"]}
2023/07/20 19:02:55 ping
2023/07/20 19:02:55 pong
2023/07/20 19:03:03 failed to send message: websocket: close sent
2023/07/20 19:03:03 message sent {"loggedInUsers":null}
2023/07/20 19:03:04 ping
2023/07/20 19:03:04 writemsg error websocket: close sent
2023/07/20 19:03:08 new connection
2023/07/20 19:03:08 message sent {"loggedInUsers":["Nafi-Rantasalmi-25"]}
2023/07/20 19:03:17 ping
2023/07/20 19:03:17 pong
2023/07/20 19:03:26 ping
2023/07/20 19:03:26 pong
2023/07/20 19:03:32 failed to send message: websocket: close sent
2023/07/20 19:03:32 message sent {"loggedInUsers":null}
2023/07/20 19:03:32 new connection
2023/07/20 19:03:32 message sent {"loggedInUsers":["Nafi-Rantasalmi-25"]}
2023/07/20 19:03:35 ping
2023/07/20 19:03:35 writemsg error websocket: close sent
2023/07/20 19:03:41 ping
2023/07/20 19:03:41 pong
2023/07/20 19:03:50 ping
2023/07/20 19:03:50 pong
2023/07/20 19:03:59 ping
2023/07/20 19:03:59 pong
2023/07/20 19:04:08 ping
2023/07/20 19:04:08 pong
2023/07/20 19:04:17 ping
2023/07/20 19:04:17 pong
2023/07/20 19:04:26 ping
2023/07/20 19:04:26 pong
2023/07/20 19:04:35 ping
2023/07/20 19:04:35 pong
2023/07/20 19:04:44 ping
2023/07/20 19:04:44 pong
2023/07/20 19:04:53 ping
2023/07/20 19:04:53 pong
2023/07/20 19:05:02 ping
2023/07/20 19:05:02 pong
2023/07/20 19:05:11 ping
2023/07/20 19:05:11 pong
2023/07/20 19:05:20 ping
2023/07/20 19:05:20 pong
2023/07/20 19:05:29 ping
2023/07/20 19:05:29 pong
2023/07/20 19:05:38 ping
2023/07/20 19:05:38 pong
2023/07/20 19:05:47 ping
2023/07/20 19:05:47 pong
2023/07/20 19:05:56 ping
2023/07/20 19:05:56 pong
2023/07/20 19:06:05 ping
2023/07/20 19:06:05 pong
2023/07/20 19:06:14 ping
2023/07/20 19:06:14 pong
2023/07/20 19:06:23 ping
2023/07/20 19:06:23 pong
2023/07/20 19:06:32 ping
2023/07/20 19:06:32 pong
2023/07/20 19:06:41 ping
2023/07/20 19:06:41 pong
2023/07/20 19:06:50 ping
2023/07/20 19:06:50 pong
2023/07/20 19:06:59 ping
2023/07/20 19:06:59 pong
2023/07/20 19:07:08 ping
2023/07/20 19:07:08 pong
2023/07/20 19:07:17 ping
2023/07/20 19:07:17 pong
2023/07/20 19:07:26 ping
2023/07/20 19:07:26 pong
2023/07/20 19:07:35 ping
2023/07/20 19:07:35 pong
2023/07/20 19:07:44 ping
2023/07/20 19:07:44 pong
2023/07/20 19:07:53 ping
2023/07/20 19:07:53 pong
2023/07/20 19:08:02 ping
2023/07/20 19:08:02 pong
2023/07/20 19:08:11 ping
2023/07/20 19:08:11 pong
2023/07/20 19:08:20 ping
2023/07/20 19:08:20 pong
2023/07/20 19:08:29 ping
2023/07/20 19:08:29 pong
2023/07/20 19:08:38 ping
2023/07/20 19:08:38 pong
2023/07/20 19:08:47 ping
2023/07/20 19:08:47 pong
2023/07/20 19:08:56 ping
2023/07/20 19:08:56 pong
2023/07/20 19:09:05 ping
2023/07/20 19:09:05 pong
2023/07/20 19:09:14 ping
2023/07/20 19:09:14 pong
2023/07/20 19:09:23 ping
2023/07/20 19:09:23 pong
2023/07/20 19:09:32 ping
2023/07/20 19:09:32 pong
2023/07/20 19:09:41 ping
2023/07/20 19:09:41 pong
2023/07/20 19:09:50 ping
2023/07/20 19:09:50 pong
2023/07/20 19:09:59 ping
2023/07/20 19:09:59 pong
2023/07/20 19:10:08 ping
2023/07/20 19:10:08 pong
2023/07/20 19:10:17 ping
2023/07/20 19:10:17 pong
2023/07/20 19:10:26 ping
2023/07/20 19:10:26 pong
2023/07/20 19:10:28 failed to send message: websocket: close sent
2023/07/20 19:10:28 message sent {"loggedInUsers":null}
2023/07/20 19:10:35 ping
2023/07/20 19:10:35 writemsg error websocket: close sent
2023/07/20 19:10:42 new connection
2023/07/20 19:10:42 message sent {"loggedInUsers":["Anton-Wiklund-1"]}
2023/07/20 19:10:51 ping
2023/07/20 19:10:51 pong
2023/07/20 19:11:00 ping
2023/07/20 19:11:00 pong
2023/07/20 19:11:09 ping
2023/07/20 19:11:09 pong
2023/07/20 19:11:18 ping
2023/07/20 19:11:18 pong
2023/07/20 19:11:27 ping
2023/07/20 19:11:27 pong
2023/07/20 19:11:36 ping
2023/07/20 19:11:36 pong
2023/07/20 19:11:45 ping
2023/07/20 19:11:45 pong
2023/07/20 19:11:46 failed to send message: websocket: close sent
2023/07/20 19:11:46 message sent {"loggedInUsers":null}
2023/07/20 19:11:47 new connection
2023/07/20 19:11:47 message sent {"loggedInUsers":["Anton-Wiklund-1"]}
2023/07/20 19:11:54 ping
2023/07/20 19:11:54 writemsg error websocket: close sent
2023/07/20 19:11:56 ping
2023/07/20 19:11:56 pong
2023/07/20 19:12:05 ping
2023/07/20 19:12:05 pong
2023/07/20 19:12:14 ping
2023/07/20 19:12:14 pong
2023/07/20 19:12:23 ping
2023/07/20 19:12:23 pong
2023/07/20 19:12:32 ping
2023/07/20 19:12:32 pong
2023/07/20 19:12:34 failed to send message: websocket: close sent
2023/07/20 19:12:34 message sent {"loggedInUsers":null}
2023/07/20 19:12:35 new connection
2023/07/20 19:12:35 message sent {"loggedInUsers":["Anton-Wiklund-1"]}
2023/07/20 19:12:41 ping
2023/07/20 19:12:41 writemsg error websocket: close sent
2023/07/20 19:12:44 ping
2023/07/20 19:12:44 pong
2023/07/20 19:12:53 ping
2023/07/20 19:12:53 pong
2023/07/20 19:13:02 ping
2023/07/20 19:13:02 pong
2023/07/20 19:13:11 ping
2023/07/20 19:13:11 pong
2023/07/20 19:13:20 ping
2023/07/20 19:13:20 pong
2023/07/20 19:13:29 ping
2023/07/20 19:13:29 pong
2023/07/20 19:13:38 ping
2023/07/20 19:13:38 pong
2023/07/20 19:13:47 ping
2023/07/20 19:13:47 pong
2023/07/20 19:13:56 failed to send message: websocket: close sent
2023/07/20 19:13:56 message sent {"loggedInUsers":null}
2023/07/20 19:13:56 ping
2023/07/20 19:13:56 writemsg error websocket: close sent
2023/07/20 19:13:57 new connection
2023/07/20 19:13:57 message sent {"loggedInUsers":["Anton-Wiklund-1"]}
2023/07/20 19:14:06 ping
2023/07/20 19:14:06 pong
2023/07/20 19:14:15 ping
2023/07/20 19:14:15 pong
2023/07/20 19:14:24 ping
2023/07/20 19:14:24 pong
2023/07/20 19:14:33 ping
2023/07/20 19:14:33 pong
2023/07/20 19:14:42 ping
2023/07/20 19:14:42 pong
2023/07/20 19:14:51 ping
2023/07/20 19:14:51 pong
2023/07/20 19:15:00 ping
2023/07/20 19:15:00 pong
2023/07/20 19:15:09 ping
2023/07/20 19:15:09 pong
2023/07/20 19:15:18 ping
2023/07/20 19:15:18 pong
2023/07/20 19:15:27 ping
2023/07/20 19:15:27 pong
2023/07/20 19:15:36 ping
2023/07/20 19:15:36 pong
2023/07/20 19:15:45 ping
2023/07/20 19:15:45 pong
2023/07/20 19:15:54 ping
2023/07/20 19:15:54 pong
2023/07/20 19:16:03 ping
2023/07/20 19:16:03 pong
2023/07/20 19:16:12 ping
2023/07/20 19:16:12 pong
2023/07/20 19:16:21 ping
2023/07/20 19:16:21 pong
2023/07/20 19:16:30 ping
2023/07/20 19:16:30 pong
2023/07/20 19:16:39 ping
2023/07/20 19:16:39 pong
2023/07/20 19:16:48 ping
2023/07/20 19:16:48 pong
2023/07/20 19:16:57 ping
2023/07/20 19:16:57 pong
2023/07/20 19:17:06 ping
2023/07/20 19:17:06 pong
2023/07/20 19:17:15 ping
2023/07/20 19:17:15 pong
2023/07/20 19:17:24 ping
2023/07/20 19:17:24 pong
2023/07/20 19:17:33 ping
2023/07/20 19:17:33 pong
2023/07/20 19:17:42 ping
2023/07/20 19:17:42 pong
2023/07/20 19:17:51 ping
2023/07/20 19:17:51 pong
2023/07/20 19:18:00 ping
2023/07/20 19:18:00 pong
2023/07/20 19:18:09 ping
2023/07/20 19:18:09 pong
2023/07/20 19:18:18 ping
2023/07/20 19:18:18 pong
2023/07/20 19:18:19 failed to send message: websocket: close sent
2023/07/20 19:18:19 message sent {"loggedInUsers":null}
2023/07/20 19:18:20 new connection
2023/07/20 19:18:20 message sent {"loggedInUsers":["Anton-Wiklund-1"]}
2023/07/20 19:18:27 ping
2023/07/20 19:18:27 writemsg error websocket: close sent
2023/07/20 19:18:29 ping
2023/07/20 19:18:29 pong
2023/07/20 19:18:38 ping
2023/07/20 19:18:38 pong
2023/07/20 19:18:47 ping
2023/07/20 19:18:47 pong
2023/07/20 19:18:56 ping
2023/07/20 19:18:56 pong
2023/07/20 19:19:05 ping
2023/07/20 19:19:05 pong
2023/07/20 19:19:10 failed to send message: websocket: close sent
2023/07/20 19:19:10 message sent {"loggedInUsers":null}
2023/07/20 19:19:11 new connection
2023/07/20 19:19:11 message sent {"loggedInUsers":["Anton-Wiklund-1"]}
2023/07/20 19:19:14 ping
2023/07/20 19:19:14 writemsg error websocket: close sent
2023/07/20 19:19:17 failed to send message: websocket: close sent
2023/07/20 19:19:17 message sent {"loggedInUsers":null}
2023/07/20 19:19:20 ping
2023/07/20 19:19:20 writemsg error websocket: close sent
2023/07/20 19:19:49 new connection
2023/07/20 19:19:50 message sent {"loggedInUsers":["Anton-Wiklund-1"]}
2023/07/20 19:19:58 ping
2023/07/20 19:19:58 pong
2023/07/20 19:20:07 ping
2023/07/20 19:20:07 pong
2023/07/20 19:20:16 ping
2023/07/20 19:20:16 pong
2023/07/20 19:20:25 ping
2023/07/20 19:20:25 pong
2023/07/20 19:20:34 ping
2023/07/20 19:20:34 pong
2023/07/20 19:20:43 ping
2023/07/20 19:20:43 pong
2023/07/20 19:20:52 ping
2023/07/20 19:20:52 pong
2023/07/20 19:21:01 ping
2023/07/20 19:21:01 pong
2023/07/20 19:21:10 ping
2023/07/20 19:21:10 pong
2023/07/20 19:21:19 ping
2023/07/20 19:21:19 pong
2023/07/20 19:21:28 ping
2023/07/20 19:21:28 pong
2023/07/20 19:21:37 ping
2023/07/20 19:21:37 pong
2023/07/20 19:21:46 ping
2023/07/20 19:21:46 pong
2023/07/20 19:21:51 failed to send message: websocket: close sent
2023/07/20 19:21:51 message sent {"loggedInUsers":null}
2023/07/20 19:21:51 new connection
2023/07/20 19:21:51 message sent {"loggedInUsers":["Anton-Wiklund-1"]}
2023/07/20 19:21:55 ping
2023/07/20 19:21:55 writemsg error websocket: close sent
2023/07/20 19:22:00 ping
2023/07/20 19:22:00 pong
2023/07/20 19:22:09 ping
2023/07/20 19:22:09 pong
2023/07/20 19:22:18 ping
2023/07/20 19:22:18 pong
2023/07/20 19:22:27 ping
2023/07/20 19:22:27 pong
2023/07/20 19:22:36 ping
2023/07/20 19:22:36 pong
2023/07/20 19:22:45 ping
2023/07/20 19:22:45 pong
2023/07/20 19:22:54 ping
2023/07/20 19:22:54 pong
2023/07/20 19:23:03 ping
2023/07/20 19:23:03 pong
2023/07/20 19:23:12 ping
2023/07/20 19:23:12 pong
2023/07/20 19:23:21 ping
2023/07/20 19:23:21 pong
2023/07/20 19:23:30 ping
2023/07/20 19:23:30 pong
2023/07/20 19:23:39 ping
2023/07/20 19:23:39 pong
2023/07/20 19:23:48 ping
2023/07/20 19:23:48 pong
2023/07/20 19:23:57 ping
2023/07/20 19:23:57 pong
2023/07/20 19:24:02 failed to send message: websocket: close sent
2023/07/20 19:24:02 message sent {"loggedInUsers":null}
2023/07/20 19:24:06 ping
2023/07/20 19:24:06 writemsg error websocket: close sent
2023/07/20 19:24:14 new connection
2023/07/20 19:24:14 message sent {"loggedInUsers":["Anton-Wiklund-1"]}
2023/07/20 19:24:23 ping
2023/07/20 19:24:23 pong
2023/07/20 19:24:32 ping
2023/07/20 19:24:32 pong
2023/07/20 19:24:41 ping
2023/07/20 19:24:41 pong
2023/07/20 19:24:50 ping
2023/07/20 19:24:50 pong
2023/07/20 19:24:59 ping
2023/07/20 19:24:59 pong
2023/07/20 19:25:08 ping
2023/07/20 19:25:08 pong
2023/07/20 19:25:17 ping
2023/07/20 19:25:17 pong
2023/07/20 19:25:26 ping
2023/07/20 19:25:26 pong
2023/07/20 19:25:35 ping
2023/07/20 19:25:35 pong
2023/07/20 19:25:44 ping
2023/07/20 19:25:44 pong
2023/07/20 19:25:53 ping
2023/07/20 19:25:53 pong
2023/07/20 19:26:02 ping
2023/07/20 19:26:02 pong
2023/07/20 19:26:11 ping
2023/07/20 19:26:11 pong
2023/07/20 19:26:20 ping
2023/07/20 19:26:20 pong
2023/07/20 19:26:29 ping
2023/07/20 19:26:29 pong
2023/07/20 19:26:38 ping
2023/07/20 19:26:38 pong
2023/07/20 19:26:47 ping
2023/07/20 19:26:47 pong
2023/07/20 19:26:56 ping
2023/07/20 19:26:56 pong
2023/07/20 19:27:05 ping
2023/07/20 19:27:05 pong
2023/07/20 19:27:07 failed to send message: websocket: close sent
2023/07/20 19:27:07 message sent {"loggedInUsers":null}
2023/07/20 19:27:08 new connection
2023/07/20 19:27:08 message sent {"loggedInUsers":["Anton-Wiklund-1"]}
2023/07/20 19:27:14 ping
2023/07/20 19:27:14 writemsg error websocket: close sent
2023/07/20 19:27:17 ping
2023/07/20 19:27:17 pong
2023/07/20 19:27:26 ping
2023/07/20 19:27:26 pong
2023/07/20 19:27:35 ping
2023/07/20 19:27:35 pong
2023/07/20 19:27:44 ping
2023/07/20 19:27:44 pong
2023/07/20 19:27:53 ping
2023/07/20 19:27:53 pong
2023/07/20 19:28:02 ping
2023/07/20 19:28:02 pong
2023/07/20 19:28:11 ping
2023/07/20 19:28:11 pong
2023/07/20 19:28:20 ping
2023/07/20 19:28:20 pong
2023/07/20 19:28:29 ping
2023/07/20 19:28:29 pong
2023/07/20 19:28:38 ping
2023/07/20 19:28:38 pong
2023/07/20 19:28:47 ping
2023/07/20 19:28:47 pong
2023/07/20 19:28:56 ping
2023/07/20 19:28:56 pong
2023/07/20 19:29:05 ping
2023/07/20 19:29:05 pong
2023/07/20 19:29:14 ping
2023/07/20 19:29:14 pong
2023/07/20 19:29:23 ping
2023/07/20 19:29:23 pong
2023/07/20 19:29:32 ping
2023/07/20 19:29:32 pong
2023/07/20 19:29:41 ping
2023/07/20 19:29:41 pong
2023/07/20 19:30:05 new connection
2023/07/20 19:30:05 message sent {"loggedInUsers":["Anton-Wiklund-1"]}
2023/07/20 19:30:14 ping
2023/07/20 19:30:14 pong
2023/07/20 19:30:23 ping
2023/07/20 19:30:23 pong
2023/07/20 19:30:32 ping
2023/07/20 19:30:32 pong
2023/07/20 19:30:41 ping
2023/07/20 19:30:41 pong
2023/07/20 19:30:50 ping
2023/07/20 19:30:50 pong
2023/07/20 19:30:59 ping
2023/07/20 19:30:59 pong
2023/07/20 19:31:08 ping
2023/07/20 19:31:08 pong
2023/07/20 19:31:17 ping
2023/07/20 19:31:17 pong
2023/07/20 19:31:26 ping
2023/07/20 19:31:26 pong
2023/07/20 19:31:35 ping
2023/07/20 19:31:35 pong
2023/07/20 19:31:44 ping
2023/07/20 19:31:44 pong
2023/07/20 19:31:53 ping
2023/07/20 19:31:53 pong
2023/07/20 19:32:02 ping
2023/07/20 19:32:02 pong
2023/07/20 19:32:11 ping
2023/07/20 19:32:11 pong
2023/07/20 19:32:20 ping
2023/07/20 19:32:20 pong
2023/07/20 19:32:29 ping
2023/07/20 19:32:29 pong
2023/07/20 19:32:38 ping
2023/07/20 19:32:38 pong
2023/07/20 19:32:47 ping
2023/07/20 19:32:47 pong
2023/07/20 19:32:56 ping
2023/07/20 19:32:56 pong
2023/07/20 19:33:05 ping
2023/07/20 19:33:05 pong
2023/07/20 19:33:09 failed to send message: websocket: close sent
2023/07/20 19:33:09 message sent {"loggedInUsers":null}
2023/07/20 19:33:10 new connection
2023/07/20 19:33:10 message sent {"loggedInUsers":["Anton-Wiklund-1"]}
2023/07/20 19:33:14 ping
2023/07/20 19:33:14 writemsg error websocket: close sent
2023/07/20 19:33:19 ping
2023/07/20 19:33:19 pong
2023/07/20 19:33:28 ping
2023/07/20 19:33:28 pong
2023/07/20 19:33:37 ping
2023/07/20 19:33:37 pong
2023/07/20 19:33:46 ping
2023/07/20 19:33:46 pong
2023/07/20 19:33:55 ping
2023/07/20 19:33:55 pong
2023/07/20 19:34:04 ping
2023/07/20 19:34:04 pong
2023/07/20 19:34:13 ping
2023/07/20 19:34:13 pong
2023/07/20 19:34:22 ping
2023/07/20 19:34:22 pong
2023/07/20 19:34:31 ping
2023/07/20 19:34:31 pong
2023/07/20 19:34:35 failed to send message: websocket: close sent
2023/07/20 19:34:35 message sent {"loggedInUsers":null}
2023/07/20 19:34:36 new connection
2023/07/20 19:34:37 message sent {"loggedInUsers":["Anton-Wiklund-1"]}
2023/07/20 19:34:40 ping
2023/07/20 19:34:40 writemsg error websocket: close sent
2023/07/20 19:34:45 ping
2023/07/20 19:34:45 pong
2023/07/20 19:34:54 ping
2023/07/20 19:34:54 pong
2023/07/20 19:35:03 ping
2023/07/20 19:35:03 pong
2023/07/20 19:35:12 ping
2023/07/20 19:35:12 pong
2023/07/20 19:35:21 ping
2023/07/20 19:35:21 pong
2023/07/20 19:35:30 ping
2023/07/20 19:35:30 pong
2023/07/20 19:35:39 ping
2023/07/20 19:35:39 pong
2023/07/20 19:35:40 failed to send message: websocket: close sent
2023/07/20 19:35:40 message sent {"loggedInUsers":null}
2023/07/20 19:35:48 ping
2023/07/20 19:35:48 writemsg error websocket: close sent
2023/07/20 19:36:00 new connection
2023/07/20 19:36:00 message sent {"loggedInUsers":["Anton-Wiklund-1"]}
2023/07/20 19:36:09 ping
2023/07/20 19:36:09 pong
2023/07/20 19:36:18 ping
2023/07/20 19:36:18 pong
2023/07/20 19:36:27 ping
2023/07/20 19:36:27 pong
2023/07/20 19:36:36 ping
2023/07/20 19:36:36 pong
2023/07/20 19:36:45 ping
2023/07/20 19:36:45 pong
2023/07/20 19:36:54 ping
2023/07/20 19:36:54 pong
2023/07/20 19:37:03 ping
2023/07/20 19:37:03 pong
2023/07/20 19:37:12 ping
2023/07/20 19:37:12 pong
2023/07/20 19:37:16 failed to send message: websocket: close sent
2023/07/20 19:37:16 message sent {"loggedInUsers":null}
2023/07/20 19:37:17 new connection
2023/07/20 19:37:17 message sent {"loggedInUsers":["Anton-Wiklund-1"]}
2023/07/20 19:37:21 ping
2023/07/20 19:37:21 writemsg error websocket: close sent
2023/07/20 19:37:26 ping
2023/07/20 19:37:26 pong
2023/07/20 19:37:35 ping
2023/07/20 19:37:35 pong
2023/07/20 19:37:44 ping
2023/07/20 19:37:44 pong
2023/07/20 19:37:53 ping
2023/07/20 19:37:53 pong
2023/07/20 19:38:02 ping
2023/07/20 19:38:02 pong
2023/07/20 19:38:11 ping
2023/07/20 19:38:11 pong
2023/07/20 19:38:20 ping
2023/07/20 19:38:20 pong
2023/07/20 19:38:29 ping
2023/07/20 19:38:29 pong
2023/07/20 19:38:36 failed to send message: websocket: close sent
2023/07/20 19:38:36 message sent {"loggedInUsers":null}
2023/07/20 19:38:36 new connection
2023/07/20 19:38:37 message sent {"loggedInUsers":["Anton-Wiklund-1"]}
2023/07/20 19:38:38 ping
2023/07/20 19:38:38 writemsg error websocket: close sent
2023/07/20 19:38:45 ping
2023/07/20 19:38:45 pong
2023/07/20 19:38:54 ping
2023/07/20 19:38:54 pong
2023/07/20 19:39:03 ping
2023/07/20 19:39:03 pong
2023/07/20 19:39:12 ping
2023/07/20 19:39:12 pong
2023/07/20 19:39:21 ping
2023/07/20 19:39:21 pong
2023/07/20 19:39:30 ping
2023/07/20 19:39:30 pong
2023/07/20 19:39:39 ping
2023/07/20 19:39:39 pong
2023/07/20 19:39:44 failed to send message: websocket: close sent
2023/07/20 19:39:44 message sent {"loggedInUsers":null}
2023/07/20 19:39:48 ping
2023/07/20 19:39:48 writemsg error websocket: close sent
2023/07/20 19:39:50 new connection
2023/07/20 19:39:50 message sent {"loggedInUsers":["Nafi-Rantasalmi-25"]}
2023/07/20 19:39:59 ping
2023/07/20 19:39:59 pong
2023/07/20 19:40:08 ping
2023/07/20 19:40:08 pong
2023/07/20 19:40:17 ping
2023/07/20 19:40:17 pong
2023/07/20 19:40:26 ping
2023/07/20 19:40:26 pong
2023/07/20 19:40:35 ping
2023/07/20 19:40:35 pong
2023/07/20 19:40:44 ping
2023/07/20 19:40:44 pong
2023/07/20 19:40:53 ping
2023/07/20 19:40:53 pong
2023/07/20 19:41:02 ping
2023/07/20 19:41:02 pong
2023/07/20 19:41:11 ping
2023/07/20 19:41:11 pong
2023/07/20 19:41:12 failed to send message: websocket: close sent
2023/07/20 19:41:12 message sent {"loggedInUsers":null}
2023/07/20 19:41:13 new connection
2023/07/20 19:41:13 message sent {"loggedInUsers":["Nafi-Rantasalmi-25"]}
2023/07/20 19:41:20 ping
2023/07/20 19:41:20 writemsg error websocket: close sent
2023/07/20 19:41:22 ping
2023/07/20 19:41:22 pong
2023/07/20 19:41:31 ping
2023/07/20 19:41:31 pong
2023/07/20 19:41:40 ping
2023/07/20 19:41:40 pong
2023/07/20 19:41:49 ping
2023/07/20 19:41:49 pong
2023/07/20 19:41:58 ping
2023/07/20 19:41:58 pong
2023/07/20 19:42:07 ping
2023/07/20 19:42:07 pong
2023/07/20 19:42:16 ping
2023/07/20 19:42:16 pong
2023/07/20 19:42:25 ping
2023/07/20 19:42:25 pong
2023/07/20 19:42:34 ping
2023/07/20 19:42:34 pong
2023/07/20 19:42:43 ping
2023/07/20 19:42:43 pong
2023/07/20 19:42:52 ping
2023/07/20 19:42:52 pong
2023/07/20 19:42:57 failed to send message: websocket: close sent
2023/07/20 19:42:57 message sent {"loggedInUsers":null}
2023/07/20 19:43:01 ping
2023/07/20 19:43:01 writemsg error websocket: close sent
2023/07/20 19:43:04 new connection
2023/07/20 19:43:04 message sent {"loggedInUsers":["Nafi-Rantasalmi-25"]}
2023/07/20 19:43:13 ping
2023/07/20 19:43:13 pong
2023/07/20 19:43:22 ping
2023/07/20 19:43:22 pong
2023/07/20 19:43:31 ping
2023/07/20 19:43:31 pong
2023/07/20 19:43:36 failed to send message: websocket: close sent
2023/07/20 19:43:36 message sent {"loggedInUsers":null}
2023/07/20 19:43:40 ping
2023/07/20 19:43:40 writemsg error websocket: close sent
2023/07/20 19:43:42 new connection
2023/07/20 19:43:42 message sent {"loggedInUsers":["Nafi-Rantasalmi-25"]}
2023/07/20 19:43:51 ping
2023/07/20 19:43:51 pong
2023/07/20 19:44:00 ping
2023/07/20 19:44:00 pong
2023/07/20 19:44:09 ping
2023/07/20 19:44:09 pong
2023/07/20 19:44:18 ping
2023/07/20 19:44:18 pong
2023/07/20 19:44:27 ping
2023/07/20 19:44:27 pong
2023/07/20 19:44:36 ping
2023/07/20 19:44:36 pong
2023/07/20 19:44:45 ping
2023/07/20 19:44:45 pong
2023/07/20 19:44:54 ping
2023/07/20 19:44:54 pong
2023/07/20 19:44:56 failed to send message: websocket: close sent
2023/07/20 19:44:56 message sent {"loggedInUsers":null}
2023/07/20 19:44:56 new connection
2023/07/20 19:44:56 message sent {"loggedInUsers":["Nafi-Rantasalmi-25"]}
2023/07/20 19:45:03 ping
2023/07/20 19:45:03 writemsg error websocket: close sent
2023/07/20 19:45:05 ping
2023/07/20 19:45:05 pong
2023/07/20 19:45:14 ping
2023/07/20 19:45:14 pong
2023/07/20 19:45:23 ping
2023/07/20 19:45:23 pong
2023/07/20 19:45:32 ping
2023/07/20 19:45:32 pong
2023/07/20 19:45:41 ping
2023/07/20 19:45:41 pong
2023/07/20 19:45:50 ping
2023/07/20 19:45:50 pong
2023/07/20 19:45:59 ping
2023/07/20 19:45:59 pong
2023/07/20 19:46:08 ping
2023/07/20 19:46:08 pong
2023/07/20 19:46:17 ping
2023/07/20 19:46:17 pong
2023/07/20 19:46:26 ping
2023/07/20 19:46:26 pong
2023/07/20 19:46:35 ping
2023/07/20 19:46:35 pong
2023/07/20 19:46:44 ping
2023/07/20 19:46:44 pong
2023/07/20 19:46:53 ping
2023/07/20 19:46:53 pong
2023/07/20 19:47:02 ping
2023/07/20 19:47:02 pong
2023/07/20 19:47:11 ping
2023/07/20 19:47:11 pong
2023/07/20 19:47:20 ping
2023/07/20 19:47:20 pong
2023/07/20 19:47:29 ping
2023/07/20 19:47:29 pong
2023/07/20 19:47:38 ping
2023/07/20 19:47:38 pong
2023/07/20 19:47:47 ping
2023/07/20 19:47:47 pong
2023/07/20 19:47:56 ping
2023/07/20 19:47:56 pong
2023/07/20 19:48:05 ping
2023/07/20 19:48:05 pong
2023/07/20 19:48:14 ping
2023/07/20 19:48:14 pong
2023/07/20 19:48:23 ping
2023/07/20 19:48:23 pong
2023/07/20 19:48:32 ping
2023/07/20 19:48:32 pong
2023/07/20 19:48:41 ping
2023/07/20 19:48:41 pong
2023/07/20 19:48:50 ping
2023/07/20 19:48:50 pong
2023/07/20 19:48:59 ping
2023/07/20 19:48:59 pong
2023/07/20 19:49:08 ping
2023/07/20 19:49:08 pong
2023/07/20 19:49:17 ping
2023/07/20 19:49:17 pong
2023/07/20 19:49:26 ping
2023/07/20 19:49:26 pong
2023/07/20 19:49:35 ping
2023/07/20 19:49:35 pong
2023/07/20 19:49:44 ping
2023/07/20 19:49:44 pong
2023/07/20 19:49:53 ping
2023/07/20 19:49:53 pong
2023/07/20 19:50:02 ping
2023/07/20 19:50:02 pong
2023/07/20 19:50:11 ping
2023/07/20 19:50:11 pong
2023/07/20 19:50:20 ping
2023/07/20 19:50:20 pong
2023/07/20 19:50:29 ping
2023/07/20 19:50:29 pong
2023/07/20 19:50:38 ping
2023/07/20 19:50:38 pong
2023/07/20 19:50:47 ping
2023/07/20 19:50:47 pong
2023/07/20 19:50:56 ping
2023/07/20 19:50:56 pong
2023/07/20 19:51:05 ping
2023/07/20 19:51:05 pong
2023/07/20 19:51:14 ping
2023/07/20 19:51:14 pong
2023/07/20 19:51:23 ping
2023/07/20 19:51:23 pong
2023/07/20 19:51:32 ping
2023/07/20 19:51:32 pong
2023/07/20 19:51:41 ping
2023/07/20 19:51:41 pong
2023/07/20 19:51:50 ping
2023/07/20 19:51:50 pong
2023/07/20 19:51:59 ping
2023/07/20 19:51:59 pong
2023/07/20 19:52:08 ping
2023/07/20 19:52:08 pong
2023/07/20 19:52:17 ping
2023/07/20 19:52:17 pong
2023/07/20 19:52:26 ping
2023/07/20 19:52:26 pong
2023/07/20 19:52:35 ping
2023/07/20 19:52:35 pong
2023/07/20 19:52:44 ping
2023/07/20 19:52:44 pong
2023/07/20 19:52:53 ping
2023/07/20 19:52:53 pong
2023/07/20 19:53:02 ping
2023/07/20 19:53:02 pong
2023/07/20 19:53:11 ping
2023/07/20 19:53:11 pong
2023/07/20 19:53:20 ping
2023/07/20 19:53:20 pong
2023/07/20 19:53:29 ping
2023/07/20 19:53:29 pong
2023/07/20 19:53:38 ping
2023/07/20 19:53:38 pong
2023/07/20 19:53:47 ping
2023/07/20 19:53:47 pong
2023/07/20 19:53:56 ping
2023/07/20 19:53:56 pong
2023/07/20 19:54:05 ping
2023/07/20 19:54:05 pong
2023/07/20 19:54:14 ping
2023/07/20 19:54:14 pong
2023/07/20 19:54:23 ping
2023/07/20 19:54:23 pong
2023/07/20 19:54:32 ping
2023/07/20 19:54:32 pong
2023/07/20 19:54:41 ping
2023/07/20 19:54:41 pong
2023/07/20 19:54:50 ping
2023/07/20 19:54:50 pong
2023/07/20 19:54:59 ping
2023/07/20 19:54:59 pong
2023/07/20 19:55:08 ping
2023/07/20 19:55:08 pong
2023/07/20 19:55:17 ping
2023/07/20 19:55:17 pong
2023/07/20 19:55:26 ping
2023/07/20 19:55:26 pong
2023/07/20 19:55:35 ping
2023/07/20 19:55:35 pong
2023/07/20 19:55:44 ping
2023/07/20 19:55:44 pong
2023/07/20 19:55:53 ping
2023/07/20 19:55:53 pong
2023/07/20 19:56:02 ping
2023/07/20 19:56:02 pong
2023/07/20 19:56:11 ping
2023/07/20 19:56:11 pong
2023/07/20 19:56:20 ping
2023/07/20 19:56:20 pong
2023/07/20 19:56:29 ping
2023/07/20 19:56:29 pong
2023/07/20 19:56:38 ping
2023/07/20 19:56:38 pong
2023/07/20 19:56:47 ping
2023/07/20 19:56:47 pong
2023/07/20 19:56:56 ping
2023/07/20 19:56:56 pong
2023/07/20 19:57:05 ping
2023/07/20 19:57:05 pong
2023/07/20 19:57:14 ping
2023/07/20 19:57:14 pong
2023/07/20 19:57:23 ping
2023/07/20 19:57:23 pong
2023/07/20 19:57:32 ping
2023/07/20 19:57:32 pong
2023/07/20 19:57:41 ping
2023/07/20 19:57:41 pong
2023/07/20 19:57:50 ping
2023/07/20 19:57:50 pong
2023/07/20 19:57:59 ping
2023/07/20 19:57:59 pong
2023/07/20 19:58:08 ping
2023/07/20 19:58:08 pong
2023/07/20 19:58:17 ping
2023/07/20 19:58:17 pong
2023/07/20 19:58:26 ping
2023/07/20 19:58:26 pong
2023/07/20 19:58:35 ping
2023/07/20 19:58:35 pong
2023/07/20 19:58:44 ping
2023/07/20 19:58:44 pong
2023/07/20 19:58:53 ping
2023/07/20 19:58:53 pong
2023/07/20 19:59:02 ping
2023/07/20 19:59:02 pong
2023/07/20 19:59:11 ping
2023/07/20 19:59:11 pong
2023/07/20 19:59:20 ping
2023/07/20 19:59:20 pong
2023/07/20 19:59:29 ping
2023/07/20 19:59:29 pong
2023/07/20 19:59:38 ping
2023/07/20 19:59:38 pong
2023/07/20 19:59:47 ping
2023/07/20 19:59:47 pong
2023/07/20 19:59:56 ping
2023/07/20 19:59:56 pong
2023/07/20 20:00:05 ping
2023/07/20 20:00:05 pong
2023/07/20 20:00:14 ping
2023/07/20 20:00:14 pong
2023/07/20 20:00:23 ping
2023/07/20 20:00:23 pong
2023/07/20 20:00:32 ping
2023/07/20 20:00:32 pong
2023/07/20 20:00:41 ping
2023/07/20 20:00:41 pong
2023/07/20 20:00:50 ping
2023/07/20 20:00:50 pong
2023/07/20 20:00:59 ping
2023/07/20 20:00:59 pong
2023/07/20 20:01:08 ping
2023/07/20 20:01:08 pong
2023/07/20 20:01:17 ping
2023/07/20 20:01:17 pong
2023/07/20 20:01:26 ping
2023/07/20 20:01:26 pong
2023/07/20 20:01:35 ping
2023/07/20 20:01:35 pong
2023/07/20 20:01:44 ping
2023/07/20 20:01:44 pong
2023/07/20 20:01:53 ping
2023/07/20 20:01:53 pong
2023/07/20 20:02:02 ping
2023/07/20 20:02:02 pong
2023/07/20 20:02:11 ping
2023/07/20 20:02:11 pong
2023/07/20 20:02:20 ping
2023/07/20 20:02:20 pong
2023/07/20 20:02:29 ping
2023/07/20 20:02:29 pong
2023/07/20 20:02:38 ping
2023/07/20 20:02:38 pong
2023/07/20 20:02:47 ping
2023/07/20 20:02:47 pong
2023/07/20 20:02:56 ping
2023/07/20 20:02:56 pong
2023/07/20 20:03:05 ping
2023/07/20 20:03:05 pong
2023/07/20 20:03:14 ping
2023/07/20 20:03:14 pong
2023/07/20 20:03:23 ping
2023/07/20 20:03:23 pong
2023/07/20 20:03:32 ping
2023/07/20 20:03:32 pong
2023/07/20 20:03:41 ping
2023/07/20 20:03:41 pong
2023/07/20 20:03:50 ping
2023/07/20 20:03:50 pong
2023/07/20 20:03:59 ping
2023/07/20 20:03:59 pong
2023/07/20 20:04:08 ping
2023/07/20 20:04:08 pong
2023/07/20 20:04:17 ping
2023/07/20 20:04:17 pong
2023/07/20 20:04:26 ping
2023/07/20 20:04:26 pong
2023/07/20 20:04:35 ping
2023/07/20 20:04:35 pong
2023/07/20 20:04:44 ping
2023/07/20 20:04:44 pong
2023/07/20 20:04:53 ping
2023/07/20 20:04:53 pong
2023/07/20 20:05:02 ping
2023/07/20 20:05:02 pong
2023/07/20 20:05:11 ping
2023/07/20 20:05:11 pong
2023/07/20 20:05:20 ping
2023/07/20 20:05:20 pong
2023/07/20 20:05:29 ping
2023/07/20 20:05:29 pong
2023/07/20 20:05:38 ping
2023/07/20 20:05:38 pong
2023/07/20 20:05:47 ping
2023/07/20 20:05:47 pong
2023/07/20 20:05:56 ping
2023/07/20 20:05:56 pong
2023/07/20 20:06:05 ping
2023/07/20 20:06:05 pong
2023/07/20 20:06:14 ping
2023/07/20 20:06:14 pong
2023/07/20 20:06:23 ping
2023/07/20 20:06:23 pong
2023/07/20 20:06:32 ping
2023/07/20 20:06:32 pong
2023/07/20 20:06:41 ping
2023/07/20 20:06:41 pong
2023/07/20 20:06:50 ping
2023/07/20 20:06:50 pong
2023/07/20 20:06:59 ping
2023/07/20 20:06:59 pong
2023/07/20 20:07:08 ping
2023/07/20 20:07:08 pong
2023/07/20 20:07:17 ping
2023/07/20 20:07:17 pong
2023/07/20 20:07:26 ping
2023/07/20 20:07:26 pong
2023/07/20 20:07:35 ping
2023/07/20 20:07:35 pong
2023/07/20 20:07:44 ping
2023/07/20 20:07:44 pong
2023/07/20 20:07:53 ping
2023/07/20 20:07:53 pong
2023/07/20 20:08:02 ping
2023/07/20 20:08:02 pong
2023/07/20 20:08:11 ping
2023/07/20 20:08:11 pong
2023/07/20 20:08:20 ping
2023/07/20 20:08:20 pong
2023/07/20 20:08:29 ping
2023/07/20 20:08:29 pong
2023/07/20 20:08:38 ping
2023/07/20 20:08:38 pong
2023/07/20 20:08:47 ping
2023/07/20 20:08:47 pong
2023/07/20 20:08:56 ping
2023/07/20 20:08:56 pong
2023/07/20 20:09:05 ping
2023/07/20 20:09:05 pong
2023/07/20 20:09:14 ping
2023/07/20 20:09:14 pong
2023/07/20 20:09:23 ping
2023/07/20 20:09:23 pong
2023/07/20 20:09:32 ping
2023/07/20 20:09:32 pong
2023/07/20 20:09:41 ping
2023/07/20 20:09:41 pong
2023/07/20 20:09:50 ping
2023/07/20 20:09:50 pong
2023/07/20 20:09:59 ping
2023/07/20 20:09:59 pong
2023/07/20 20:10:08 ping
2023/07/20 20:10:08 pong
2023/07/20 20:10:17 ping
2023/07/20 20:10:17 pong
2023/07/20 21:47:47 message sent {"loggedInUsers":["Nafi-Rantasalmi-25"]}
2023/07/20 21:47:52 failed to send message: websocket: close sent
2023/07/20 21:47:52 message sent {"loggedInUsers":null}
2023/07/20 21:47:52 message sent {"loggedInUsers":["Nafi-Rantasalmi-25"]}
2023/07/20 21:47:56 writemsg error websocket: close sent
2023/07/20 21:48:21 failed to send message: websocket: close sent
2023/07/20 21:48:21 message sent {"loggedInUsers":null}
2023/07/20 21:48:22 message sent {"loggedInUsers":["Nafi-Rantasalmi-25"]}
2023/07/20 21:48:28 writemsg error websocket: close sent
2023/07/20 21:49:51 message sent {"loggedInUsers":["Nafi-Rantasalmi-25"]}
2023/07/20 21:51:58 message sent {"loggedInUsers":["Nafi-Rantasalmi-25"]}
2023/07/20 21:58:08 message sent {"loggedInUsers":["Nafi-Rantasalmi-25"]}
2023/07/20 21:59:26 message sent {"loggedInUsers":["Nafi-Rantasalmi-25"]}
2023/07/20 22:06:35 message sent {"loggedInUsers":["Nafi-Rantasalmi-25"]}
2023/07/20 22:06:35 message sent {"loggedInUsers":["Nafi-Rantasalmi-25"]}
2023/07/20 22:12:23 message sent {"loggedInUsers":["Nafi-Rantasalmi-25"]}
2023/07/20 22:12:23 message sent {"loggedInUsers":["Nafi-Rantasalmi-25"]}
2023/07/20 22:12:23 message sent {"loggedInUsers":["Nafi-Rantasalmi-25"]}
2023/07/20 22:12:28 message sent {"loggedInUsers":null}
2023/07/20 22:12:28 message sent {"loggedInUsers":null}
2023/07/20 22:12:28 failed to send message: websocket: close sent
2023/07/20 22:12:28 message sent {"loggedInUsers":null}
2023/07/20 22:12:28 failed to send message: websocket: close sent
2023/07/20 22:12:28 message sent {"loggedInUsers":null}
2023/07/20 22:12:28 message sent {"loggedInUsers":null}
2023/07/20 22:12:28 failed to send message: websocket: close sent
2023/07/20 22:12:28 message sent {"loggedInUsers":null}
2023/07/20 22:12:28 writemsg error websocket: close sent
2023/07/20 22:12:29 message sent {"loggedInUsers":["Nafi-Rantasalmi-25"]}
2023/07/20 22:12:32 writemsg error websocket: close sent
2023/07/20 22:12:34 writemsg error websocket: close sent
2023/07/20 22:12:47 message sent {"loggedInUsers":["Nafi-Rantasalmi-25"]}
2023/07/20 22:12:47 message sent {"loggedInUsers":["Nafi-Rantasalmi-25"]}
2023/07/20 22:12:54 message sent {"loggedInUsers":["Nafi-Rantasalmi-25"]}
2023/07/20 22:12:54 message sent {"loggedInUsers":["Nafi-Rantasalmi-25"]}
2023/07/20 22:12:54 message sent {"loggedInUsers":["Nafi-Rantasalmi-25"]}
2023/07/20 22:13:21 message sent {"loggedInUsers":["Nafi-Rantasalmi-25"]}
2023/07/20 22:13:21 message sent {"loggedInUsers":["Nafi-Rantasalmi-25"]}
2023/07/20 22:13:21 message sent {"loggedInUsers":["Nafi-Rantasalmi-25"]}
2023/07/20 22:13:21 message sent {"loggedInUsers":["Nafi-Rantasalmi-25"]}
2023/07/20 22:18:40 message sent {"loggedInUsers":["Nafi-Rantasalmi-25"]}
2023/07/20 22:18:40 message sent {"loggedInUsers":["Nafi-Rantasalmi-25"]}
2023/07/20 22:18:40 message sent {"loggedInUsers":["Nafi-Rantasalmi-25"]}
2023/07/20 22:18:40 message sent {"loggedInUsers":["Nafi-Rantasalmi-25"]}
2023/07/20 22:18:40 message sent {"loggedInUsers":["Nafi-Rantasalmi-25"]}
2023/07/20 22:19:34 message sent {"loggedInUsers":["Nafi-Rantasalmi-25"]}
2023/07/20 22:19:34 message sent {"loggedInUsers":["Nafi-Rantasalmi-25"]}
2023/07/20 22:19:34 message sent {"loggedInUsers":["Nafi-Rantasalmi-25"]}
2023/07/20 22:19:34 message sent {"loggedInUsers":["Nafi-Rantasalmi-25"]}
2023/07/20 22:19:34 message sent {"loggedInUsers":["Nafi-Rantasalmi-25"]}
2023/07/20 22:19:34 message sent {"loggedInUsers":["Nafi-Rantasalmi-25"]}
2023/07/20 22:19:42 message sent {"loggedInUsers":["Nafi-Rantasalmi-25"]}
2023/07/20 22:19:42 message sent {"loggedInUsers":["Nafi-Rantasalmi-25"]}
2023/07/20 22:19:42 message sent {"loggedInUsers":["Nafi-Rantasalmi-25"]}
2023/07/20 22:19:42 message sent {"loggedInUsers":["Nafi-Rantasalmi-25"]}
2023/07/20 22:19:42 message sent {"loggedInUsers":["Nafi-Rantasalmi-25"]}
2023/07/20 22:19:42 message sent {"loggedInUsers":["Nafi-Rantasalmi-25"]}
2023/07/20 22:19:42 message sent {"loggedInUsers":["Nafi-Rantasalmi-25"]}
2023/07/20 22:19:55 message sent {"loggedInUsers":["Nafi-Rantasalmi-25"]}
2023/07/20 22:19:55 message sent {"loggedInUsers":["Nafi-Rantasalmi-25"]}
2023/07/20 22:19:55 message sent {"loggedInUsers":["Nafi-Rantasalmi-25"]}
2023/07/20 22:19:55 message sent {"loggedInUsers":["Nafi-Rantasalmi-25"]}
2023/07/20 22:19:55 message sent {"loggedInUsers":["Nafi-Rantasalmi-25"]}
2023/07/20 22:19:55 message sent {"loggedInUsers":["Nafi-Rantasalmi-25"]}
2023/07/20 22:19:55 message sent {"loggedInUsers":["Nafi-Rantasalmi-25"]}
2023/07/20 22:19:55 message sent {"loggedInUsers":["Nafi-Rantasalmi-25"]}
2023/07/20 22:20:48 message sent {"loggedInUsers":["Nafi-Rantasalmi-25"]}
2023/07/20 22:20:48 message sent {"loggedInUsers":["Nafi-Rantasalmi-25"]}
2023/07/20 22:20:48 message sent {"loggedInUsers":["Nafi-Rantasalmi-25"]}
2023/07/20 22:20:48 message sent {"loggedInUsers":["Nafi-Rantasalmi-25"]}
2023/07/20 22:20:48 message sent {"loggedInUsers":["Nafi-Rantasalmi-25"]}
2023/07/20 22:20:48 message sent {"loggedInUsers":["Nafi-Rantasalmi-25"]}
2023/07/20 22:20:48 message sent {"loggedInUsers":["Nafi-Rantasalmi-25"]}
2023/07/20 22:20:48 message sent {"loggedInUsers":["Nafi-Rantasalmi-25"]}
2023/07/20 22:20:48 message sent {"loggedInUsers":["Nafi-Rantasalmi-25"]}
2023/07/20 22:21:11 message sent {"loggedInUsers":null}
2023/07/20 22:21:11 message sent {"loggedInUsers":null}
2023/07/20 22:21:11 message sent {"loggedInUsers":null}
2023/07/20 22:21:11 failed to send message: websocket: close sent
2023/07/20 22:21:11 message sent {"loggedInUsers":null}
2023/07/20 22:21:11 message sent {"loggedInUsers":null}
2023/07/20 22:21:11 message sent {"loggedInUsers":null}
2023/07/20 22:21:11 message sent {"loggedInUsers":null}
2023/07/20 22:21:11 message sent {"loggedInUsers":null}
2023/07/20 22:21:11 message sent {"loggedInUsers":null}
2023/07/20 22:21:11 failed to send message: websocket: close sent
2023/07/20 22:21:11 message sent {"loggedInUsers":null}
2023/07/20 22:21:11 message sent {"loggedInUsers":null}
2023/07/20 22:21:11 message sent {"loggedInUsers":null}
2023/07/20 22:21:11 message sent {"loggedInUsers":null}
2023/07/20 22:21:11 message sent {"loggedInUsers":null}
2023/07/20 22:21:11 message sent {"loggedInUsers":null}
2023/07/20 22:21:11 message sent {"loggedInUsers":null}
2023/07/20 22:21:11 message sent {"loggedInUsers":null}
2023/07/20 22:21:11 message sent {"loggedInUsers":null}
2023/07/20 22:21:11 message sent {"loggedInUsers":null}
2023/07/20 22:21:11 message sent {"loggedInUsers":null}
2023/07/20 22:21:11 message sent {"loggedInUsers":null}
2023/07/20 22:21:11 failed to send message: websocket: close sent
2023/07/20 22:21:11 message sent {"loggedInUsers":null}
2023/07/20 22:21:11 message sent {"loggedInUsers":null}
2023/07/20 22:21:11 message sent {"loggedInUsers":null}
2023/07/20 22:21:11 message sent {"loggedInUsers":null}
2023/07/20 22:21:11 message sent {"loggedInUsers":null}
2023/07/20 22:21:11 failed to send message: websocket: close sent
2023/07/20 22:21:11 message sent {"loggedInUsers":null}
2023/07/20 22:21:11 message sent {"loggedInUsers":null}
2023/07/20 22:21:11 message sent {"loggedInUsers":null}
2023/07/20 22:21:11 message sent {"loggedInUsers":null}
2023/07/20 22:21:11 message sent {"loggedInUsers":null}
2023/07/20 22:21:11 failed to send message: websocket: close sent
2023/07/20 22:21:11 message sent {"loggedInUsers":null}
2023/07/20 22:21:11 message sent {"loggedInUsers":null}
2023/07/20 22:21:11 message sent {"loggedInUsers":null}
2023/07/20 22:21:11 message sent {"loggedInUsers":null}
2023/07/20 22:21:11 failed to send message: websocket: close sent
2023/07/20 22:21:11 message sent {"loggedInUsers":null}
2023/07/20 22:21:11 message sent {"loggedInUsers":null}
2023/07/20 22:21:11 message sent {"loggedInUsers":null}
2023/07/20 22:21:11 message sent {"loggedInUsers":null}
2023/07/20 22:21:11 failed to send message: websocket: close sent
2023/07/20 22:21:11 message sent {"loggedInUsers":null}
2023/07/20 22:21:11 message sent {"loggedInUsers":null}
2023/07/20 22:21:11 message sent {"loggedInUsers":null}
2023/07/20 22:21:11 message sent {"loggedInUsers":null}
2023/07/20 22:21:11 failed to send message: websocket: close sent
2023/07/20 22:21:11 message sent {"loggedInUsers":null}
2023/07/20 22:21:11 failed to send message: websocket: close sent
2023/07/20 22:21:11 message sent {"loggedInUsers":null}
2023/07/20 22:21:12 writemsg error websocket: close sent
2023/07/20 22:21:12 message sent {"loggedInUsers":["Nafi-Rantasalmi-25"]}
2023/07/20 22:21:13 writemsg error websocket: close sent
2023/07/20 22:21:13 writemsg error websocket: close sent
2023/07/20 22:21:15 writemsg error websocket: close sent
2023/07/20 22:21:16 writemsg error websocket: close sent
2023/07/20 22:21:18 writemsg error websocket: close sent
2023/07/20 22:21:18 writemsg error websocket: close sent
2023/07/20 22:21:20 writemsg error websocket: close sent
2023/07/20 22:21:20 writemsg error websocket: close sent
2023/07/20 22:21:58 message sent {"loggedInUsers":["Nafi-Rantasalmi-25"]}
2023/07/20 22:21:58 message sent {"loggedInUsers":["Nafi-Rantasalmi-25"]}
2023/07/20 22:25:33 message sent {"loggedInUsers":null}
2023/07/20 22:25:33 failed to send message: websocket: close sent
2023/07/20 22:25:33 message sent {"loggedInUsers":null}
2023/07/20 22:25:33 failed to send message: websocket: close sent
2023/07/20 22:25:33 message sent {"loggedInUsers":null}
2023/07/20 22:25:33 writemsg error websocket: close sent
2023/07/20 22:25:34 message sent {"loggedInUsers":["Nafi-Rantasalmi-25"]}
2023/07/20 22:25:34 writemsg error websocket: close sent
2023/07/20 22:28:03 message sent {"loggedInUsers":["Nafi-Rantasalmi-25"]}
2023/07/20 22:35:18 message sent {"loggedInUsers":["Nafi-Rantasalmi-25"]}
2023/07/20 22:36:51 message sent {"loggedInUsers":["Nafi-Rantasalmi-25"]}
2023/07/20 22:39:43 message sent {"loggedInUsers":["Nafi-Rantasalmi-25"]}
2023/07/20 22:39:43 message sent {"loggedInUsers":["Nafi-Rantasalmi-25"]}
2023/07/20 22:39:55 message sent {"loggedInUsers":["Nafi-Rantasalmi-25"]}
2023/07/20 22:39:55 message sent {"loggedInUsers":["Nafi-Rantasalmi-25"]}
2023/07/20 22:39:55 message sent {"loggedInUsers":["Nafi-Rantasalmi-25"]}
2023/07/20 22:40:42 message sent {"loggedInUsers":["Nafi-Rantasalmi-25"]}
2023/07/20 22:40:42 message sent {"loggedInUsers":["Nafi-Rantasalmi-25"]}
2023/07/20 22:40:42 message sent {"loggedInUsers":["Nafi-Rantasalmi-25"]}
2023/07/20 22:40:42 message sent {"loggedInUsers":["Nafi-Rantasalmi-25"]}
2023/07/20 22:42:39 message sent {"loggedInUsers":["Nafi-Rantasalmi-25"]}
2023/07/20 22:42:39 message sent {"loggedInUsers":["Nafi-Rantasalmi-25"]}
2023/07/20 22:42:39 message sent {"loggedInUsers":["Nafi-Rantasalmi-25"]}
2023/07/20 22:42:39 message sent {"loggedInUsers":["Nafi-Rantasalmi-25"]}
2023/07/20 22:42:39 message sent {"loggedInUsers":["Nafi-Rantasalmi-25"]}
2023/07/20 22:47:26 message sent {"loggedInUsers":["Nafi-Rantasalmi-25"]}
2023/07/20 22:47:29 failed to send message: websocket: close sent
2023/07/20 22:47:29 message sent {"loggedInUsers":null}
2023/07/20 22:47:30 message sent {"loggedInUsers":["Nafi-Rantasalmi-25"]}
2023/07/20 22:47:35 writemsg error websocket: close sent
2023/07/20 22:49:15 message sent {"loggedInUsers":["Nafi-Rantasalmi-25"]}
2023/07/20 22:49:15 message sent {"loggedInUsers":["Nafi-Rantasalmi-25"]}
2023/07/20 22:49:51 message sent {"loggedInUsers":["Nafi-Rantasalmi-25"]}
2023/07/20 22:49:51 message sent {"loggedInUsers":["Nafi-Rantasalmi-25"]}
2023/07/20 22:49:51 message sent {"loggedInUsers":["Nafi-Rantasalmi-25"]}
2023/07/20 22:53:25 message sent {"loggedInUsers":["Nafi-Rantasalmi-22"]}
2023/07/20 22:53:47 failed to send message: websocket: close sent
2023/07/20 22:53:47 message sent {"loggedInUsers":null}
2023/07/20 22:53:48 message sent {"loggedInUsers":["Nafi-Rantasalmi-22"]}
2023/07/20 22:53:52 writemsg error websocket: close sent
2023/07/20 22:54:10 failed to send message: websocket: close sent
2023/07/20 22:54:10 message sent {"loggedInUsers":null}
2023/07/20 22:54:10 message sent {"loggedInUsers":["Nafi-Rantasalmi-22"]}
2023/07/20 22:54:12 failed to send message: websocket: close sent
2023/07/20 22:54:12 message sent {"loggedInUsers":null}
2023/07/20 22:54:15 writemsg error websocket: close sent
2023/07/20 22:54:19 writemsg error websocket: close sent
2023/07/20 22:54:20 message sent {"loggedInUsers":["Jacob-Pesmaa-72"]}
2023/07/20 22:54:26 failed to send message: websocket: close sent
2023/07/20 22:54:26 message sent {"loggedInUsers":null}
2023/07/20 22:54:27 message sent {"loggedInUsers":["Jacob-Pesmaa-72"]}
2023/07/20 22:54:29 writemsg error websocket: close sent
2023/07/20 22:54:45 failed to send message: websocket: close sent
2023/07/20 22:54:45 message sent {"loggedInUsers":null}
2023/07/20 22:54:46 message sent {"loggedInUsers":["Jacob-Pesmaa-72"]}
2023/07/20 22:54:48 failed to send message: websocket: close sent
2023/07/20 22:54:48 message sent {"loggedInUsers":null}
2023/07/20 22:54:54 message sent {"loggedInUsers":["Gin-Thy-26"]}
2023/07/20 22:54:54 writemsg error websocket: close sent
2023/07/20 22:54:55 writemsg error websocket: close sent
2023/07/20 22:54:59 failed to send message: websocket: close sent
2023/07/20 22:54:59 message sent {"loggedInUsers":null}
2023/07/20 22:55:00 message sent {"loggedInUsers":["Gin-Thy-26"]}
2023/07/20 22:55:03 writemsg error websocket: close sent
2023/07/20 22:55:04 failed to send message: websocket: close sent
2023/07/20 22:55:04 message sent {"loggedInUsers":null}
2023/07/20 22:55:09 writemsg error websocket: close sent
2023/07/20 22:55:09 message sent {"loggedInUsers":["Nafi-Rantasalmi-22"]}
2023/07/20 22:55:58 failed to send message: websocket: close sent
2023/07/20 22:55:58 message sent {"loggedInUsers":null}
2023/07/20 22:55:58 message sent {"loggedInUsers":["Nafi-Rantasalmi-22"]}
2023/07/20 22:56:03 writemsg error websocket: close sent
2023/07/20 22:57:27 failed to send message: websocket: close sent
2023/07/20 22:57:27 message sent {"loggedInUsers":null}
2023/07/20 22:57:28 message sent {"loggedInUsers":["Nafi-Rantasalmi-22"]}
2023/07/20 22:57:28 writemsg error websocket: close sent
